<?xml version="1.0" encoding="UTF-8"?>
<testng-results skipped="0" failed="0" ignored="0" total="4" passed="4">
  <reporter-output>
  </reporter-output>
  <suite name="Default suite" duration-ms="15577" started-at="2021-03-30T10:22:56Z" finished-at="2021-03-30T10:23:12Z">
    <groups>
    </groups>
    <test name="Default test" duration-ms="15577" started-at="2021-03-30T10:22:56Z" finished-at="2021-03-30T10:23:12Z">
      <class name="LoginTestCases.ExcelDataFromJxl">
        <test-method status="PASS" signature="browserlaunch()[pri:0, instance:LoginTestCases.ExcelDataFromJxl@20e2cbe0]" name="browserlaunch" is-config="true" duration-ms="10074" started-at="2021-03-30T10:22:56Z" finished-at="2021-03-30T10:23:06Z">
          <reporter-output>
          </reporter-output>
        </test-method> <!-- browserlaunch -->
        <test-method status="PASS" signature="login(java.lang.String, java.lang.String)[pri:0, instance:LoginTestCases.ExcelDataFromJxl@20e2cbe0]" name="login" duration-ms="1305" started-at="2021-03-30T10:23:06Z" data-provider="provideData" finished-at="2021-03-30T10:23:08Z">
          <params>
            <param index="0">
              <value>
                <![CDATA[Admin]]>
              </value>
            </param>
            <param index="1">
              <value>
                <![CDATA[admin]]>
              </value>
            </param>
          </params>
          <reporter-output>
          </reporter-output>
        </test-method> <!-- login -->
        <test-method status="PASS" signature="login(java.lang.String, java.lang.String)[pri:0, instance:LoginTestCases.ExcelDataFromJxl@20e2cbe0]" name="login" duration-ms="1239" started-at="2021-03-30T10:23:08Z" data-provider="provideData" finished-at="2021-03-30T10:23:09Z">
          <params>
            <param index="0">
              <value>
                <![CDATA[Admin1]]>
              </value>
            </param>
            <param index="1">
              <value>
                <![CDATA[admin]]>
              </value>
            </param>
          </params>
          <reporter-output>
          </reporter-output>
        </test-method> <!-- login -->
        <test-method status="PASS" signature="login(java.lang.String, java.lang.String)[pri:0, instance:LoginTestCases.ExcelDataFromJxl@20e2cbe0]" name="login" duration-ms="898" started-at="2021-03-30T10:23:09Z" data-provider="provideData" finished-at="2021-03-30T10:23:10Z">
          <params>
            <param index="0">
              <value>
                <![CDATA[Admin1]]>
              </value>
            </param>
            <param index="1">
              <value>
                <![CDATA[admin1]]>
              </value>
            </param>
          </params>
          <reporter-output>
          </reporter-output>
        </test-method> <!-- login -->
        <test-method status="PASS" signature="login(java.lang.String, java.lang.String)[pri:0, instance:LoginTestCases.ExcelDataFromJxl@20e2cbe0]" name="login" duration-ms="943" started-at="2021-03-30T10:23:10Z" data-provider="provideData" finished-at="2021-03-30T10:23:11Z">
          <params>
            <param index="0">
              <value>
                <![CDATA[Admin]]>
              </value>
            </param>
            <param index="1">
              <value>
                <![CDATA[admin1]]>
              </value>
            </param>
          </params>
          <reporter-output>
          </reporter-output>
        </test-method> <!-- login -->
        <test-method status="PASS" signature="closeBrowser()[pri:0, instance:LoginTestCases.ExcelDataFromJxl@20e2cbe0]" name="closeBrowser" is-config="true" duration-ms="856" started-at="2021-03-30T10:23:11Z" finished-at="2021-03-30T10:23:12Z">
          <reporter-output>
          </reporter-output>
        </test-method> <!-- closeBrowser -->
      </class> <!-- LoginTestCases.ExcelDataFromJxl -->
    </test> <!-- Default test -->
  </suite> <!-- Default suite -->
</testng-results>
